<?xml version="1.0" encoding="utf-8"?><testsuites name="pytest tests"><testsuite name="pytest" errors="0" failures="0" skipped="0" tests="26" time="78.379" timestamp="2026-09-09T21:49:51.932746+02:00" hostname="localhost"><testcase classname="tests.test_contract" name="test_money_is_strict_positive_integer[True]" time="0.001" /><testcase classname="tests.test_contract" name="test_money_is_strict_positive_integer[False]" time="0.000" /><testcase classname="tests.test_contract" name="test_money_is_strict_positive_integer[1.0]" time="0.000" /><testcase classname="tests.test_contract" name="test_money_is_strict_positive_integer[1.25]" time="0.000" /><testcase classname="tests.test_contract" name="test_money_is_strict_positive_integer[100]" time="0.000" /><testcase classname="tests.test_contract" name="test_money_is_strict_positive_integer[0]" time="0.000" /><testcase classname="tests.test_contract" name="test_money_is_strict_positive_integer[-1]" time="0.000" /><testcase classname="tests.test_contract" name="test_money_is_strict_positive_integer[9007199254740992]" time="0.000" /><testcase classname="tests.test_contract" name="test_money_is_strict_positive_integer[None]" time="0.000" /><testcase classname="tests.test_contract" name="test_self_transfer_and_unknown_fields_rejected" time="0.000" /><testcase classname="tests.test_contract" name="test_full_supported_range_is_exact" time="0.000" /><testcase classname="tests.test_integration" name="test_concurrent_get_or_create_has_one_database_row" time="18.243" /><testcase classname="tests.test_integration" name="test_same_key_storm_and_different_body_conflict" time="7.022" /><testcase classname="tests.test_integration" name="test_opposite_directions_reconcile_and_conserve_during_contention" time="34.781" /><testcase classname="tests.test_integration" name="test_concurrent_debits_never_overdraw" time="6.179" /><testcase classname="tests.test_integration" name="test_decline_replayed_even_after_funding" time="0.747" /><testcase classname="tests.test_integration" name="test_exception_rolls_back_money_key_and_events[after_debit]" time="0.691" /><testcase classname="tests.test_integration" name="test_exception_rolls_back_money_key_and_events[before_commit]" time="0.771" /><testcase classname="tests.test_integration" name="test_lost_response_after_commit_retries_exactly_once" time="0.631" /><testcase classname="tests.test_integration" name="test_same_key_different_bodies_racing_has_one_winner" time="0.975" /><testcase classname="tests.test_integration" name="test_auth_ownership_and_participant_visibility" time="0.698" /><testcase classname="tests.test_integration" name="test_same_key_is_scoped_to_authenticated_user" time="0.637" /><testcase classname="tests.test_integration" name="test_destination_overflow_declines_without_debit" time="0.465" /><testcase classname="tests.test_integration" name="test_database_constraints_block_negative_balance_and_orphan_key" time="0.355" /><testcase classname="tests.test_integration" name="test_logs_metrics_and_correlation_do_not_expose_credentials" time="0.524" /><testcase classname="tests.test_integration" name="test_missing_destination_rolls_back_idempotency_reservation" time="5.630" /></testsuite></testsuites>